<?xml version="1.0" encoding="UTF-8"?>
<testng-results ignored="0" total="5" passed="5" failed="0" skipped="0">
  <reporter-output>
  </reporter-output>
  <suite started-at="2024-09-10T14:56:52 IST" name="Default suite" finished-at="2024-09-10T14:57:03 IST" duration-ms="11300">
    <groups>
    </groups>
    <test started-at="2024-09-10T14:56:52 IST" name="Default test" finished-at="2024-09-10T14:57:03 IST" duration-ms="11300">
      <class name="TestRunner.PetTest">
        <test-method signature="testAPost()[pri:0, instance:TestRunner.PetTest@5d534f5d]" started-at="2024-09-10T14:56:52 IST" name="testAPost" finished-at="2024-09-10T14:56:57 IST" duration-ms="4825" status="PASS">
          <reporter-output>
          </reporter-output>
        </test-method> <!-- testAPost -->
        <test-method signature="testBPost()[pri:0, instance:TestRunner.PetTest@5d534f5d]" started-at="2024-09-10T14:56:57 IST" name="testBPost" finished-at="2024-09-10T14:56:59 IST" duration-ms="2747" status="PASS">
          <reporter-output>
          </reporter-output>
        </test-method> <!-- testBPost -->
        <test-method signature="testCGet()[pri:0, instance:TestRunner.PetTest@5d534f5d]" started-at="2024-09-10T14:56:59 IST" name="testCGet" finished-at="2024-09-10T14:57:01 IST" duration-ms="1255" status="PASS">
          <reporter-output>
          </reporter-output>
        </test-method> <!-- testCGet -->
        <test-method signature="testDGet()[pri:0, instance:TestRunner.PetTest@5d534f5d]" started-at="2024-09-10T14:57:01 IST" name="testDGet" finished-at="2024-09-10T14:57:02 IST" duration-ms="1192" status="PASS">
          <reporter-output>
          </reporter-output>
        </test-method> <!-- testDGet -->
        <test-method signature="testEDelete()[pri:0, instance:TestRunner.PetTest@5d534f5d]" started-at="2024-09-10T14:57:02 IST" name="testEDelete" finished-at="2024-09-10T14:57:03 IST" duration-ms="1148" status="PASS">
          <reporter-output>
          </reporter-output>
        </test-method> <!-- testEDelete -->
      </class> <!-- TestRunner.PetTest -->
    </test> <!-- Default test -->
  </suite> <!-- Default suite -->
</testng-results>
