# JRE version: Java(TM) SE Runtime Environment (8.0_221-b11) (build 1.8.0_221-b11)
# Java VM: Java HotSpot(TM) 64-Bit Server VM (25.221-b11 mixed mode windows-amd64 compressed oops)
Heap:
 PSYoungGen      total 106496K, used 10105K [0x0000000780000000, 0x000000078d000000, 0x00000007c0000000)
  eden space 98304K, 1% used [0x0000000780000000,0x00000007801e3128,0x0000000786000000)
  from space 8192K, 99% used [0x0000000786000000,0x00000007867fb350,0x0000000786800000)
  to   space 8192K, 0% used [0x000000078c800000,0x000000078c800000,0x000000078d000000)
 ParOldGen       total 131072K, used 14306K [0x0000000700000000, 0x0000000708000000, 0x0000000780000000)
  object space 131072K, 10% used [0x0000000700000000,0x0000000700df8978,0x0000000708000000)
 Metaspace       used 17617K, capacity 17818K, committed 18048K, reserved 1064960K
  class space    used 2071K, capacity 2145K, committed 2176K, reserved 1048576K
GC Heap History (6 events):
Event: 1.313 GC heap before
{Heap before GC invocations=1 (full 0):
 PSYoungGen      total 57344K, used 49152K [0x0000000780000000, 0x0000000784000000, 0x00000007c0000000)
  eden space 49152K, 100% used [0x0000000780000000,0x0000000783000000,0x0000000783000000)
  from space 8192K, 0% used [0x0000000783800000,0x0000000783800000,0x0000000784000000)
  to   space 8192K, 0% used [0x0000000783000000,0x0000000783000000,0x0000000783800000)
 ParOldGen       total 131072K, used 0K [0x0000000700000000, 0x0000000708000000, 0x0000000780000000)
  object space 131072K, 0% used [0x0000000700000000,0x0000000700000000,0x0000000708000000)
 Metaspace       used 11800K, capacity 11976K, committed 12160K, reserved 1060864K
  class space    used 1479K, capacity 1562K, committed 1664K, reserved 1048576K
Event: 1.328 GC heap after
Heap after GC invocations=1 (full 0):
 PSYoungGen      total 57344K, used 8167K [0x0000000780000000, 0x0000000787000000, 0x00000007c0000000)
  eden space 49152K, 0% used [0x0000000780000000,0x0000000780000000,0x0000000783000000)
  from space 8192K, 99% used [0x0000000783000000,0x00000007837f9ec0,0x0000000783800000)
  to   space 8192K, 0% used [0x0000000786800000,0x0000000786800000,0x0000000787000000)
 ParOldGen       total 131072K, used 24K [0x0000000700000000, 0x0000000708000000, 0x0000000780000000)
  object space 131072K, 0% used [0x0000000700000000,0x0000000700006000,0x0000000708000000)
 Metaspace       used 11800K, capacity 11976K, committed 12160K, reserved 1060864K
  class space    used 1479K, capacity 1562K, committed 1664K, reserved 1048576K
}
Event: 2.711 GC heap before
{Heap before GC invocations=2 (full 0):
 PSYoungGen      total 57344K, used 57319K [0x0000000780000000, 0x0000000787000000, 0x00000007c0000000)
  eden space 49152K, 100% used [0x0000000780000000,0x0000000783000000,0x0000000783000000)
  from space 8192K, 99% used [0x0000000783000000,0x00000007837f9ec0,0x0000000783800000)
  to   space 8192K, 0% used [0x0000000786800000,0x0000000786800000,0x0000000787000000)
 ParOldGen       total 131072K, used 24K [0x0000000700000000, 0x0000000708000000, 0x0000000780000000)
  object space 131072K, 0% used [0x0000000700000000,0x0000000700006000,0x0000000708000000)
 Metaspace       used 17096K, capacity 17346K, committed 17536K, reserved 1064960K
  class space    used 2052K, capacity 2141K, committed 2176K, reserved 1048576K
Event: 2.733 GC heap after
Heap after GC invocations=2 (full 0):
 PSYoungGen      total 106496K, used 8183K [0x0000000780000000, 0x0000000787000000, 0x00000007c0000000)
  eden space 98304K, 0% used [0x0000000780000000,0x0000000780000000,0x0000000786000000)
  from space 8192K, 99% used [0x0000000786800000,0x0000000786ffdf58,0x0000000787000000)
  to   space 8192K, 0% used [0x0000000786000000,0x0000000786000000,0x0000000786800000)
 ParOldGen       total 131072K, used 2578K [0x0000000700000000, 0x0000000708000000, 0x0000000780000000)
  object space 131072K, 1% used [0x0000000700000000,0x0000000700284b80,0x0000000708000000)
 Metaspace       used 17096K, capacity 17346K, committed 17536K, reserved 1064960K
  class space    used 2052K, capacity 2141K, committed 2176K, reserved 1048576K
}
Event: 4.106 GC heap before
{Heap before GC invocations=3 (full 0):
 PSYoungGen      total 106496K, used 106487K [0x0000000780000000, 0x0000000787000000, 0x00000007c0000000)
  eden space 98304K, 100% used [0x0000000780000000,0x0000000786000000,0x0000000786000000)
  from space 8192K, 99% used [0x0000000786800000,0x0000000786ffdf58,0x0000000787000000)
  to   space 8192K, 0% used [0x0000000786000000,0x0000000786000000,0x0000000786800000)
 ParOldGen       total 131072K, used 2578K [0x0000000700000000, 0x0000000708000000, 0x0000000780000000)
  object space 131072K, 1% used [0x0000000700000000,0x0000000700284b80,0x0000000708000000)
 Metaspace       used 17617K, capacity 17818K, committed 18048K, reserved 1064960K
  class space    used 2071K, capacity 2145K, committed 2176K, reserved 1048576K
Event: 4.138 GC heap after
Heap after GC invocations=3 (full 0):
 PSYoungGen      total 106496K, used 8172K [0x0000000780000000, 0x000000078d000000, 0x00000007c0000000)
  eden space 98304K, 0% used [0x0000000780000000,0x0000000780000000,0x0000000786000000)
  from space 8192K, 99% used [0x0000000786000000,0x00000007867fb350,0x0000000786800000)
  to   space 8192K, 0% used [0x000000078c800000,0x000000078c800000,0x000000078d000000)
 ParOldGen       total 131072K, used 14306K [0x0000000700000000, 0x0000000708000000, 0x0000000780000000)
  object space 131072K, 10% used [0x0000000700000000,0x0000000700df8978,0x0000000708000000)
 Metaspace       used 17617K, capacity 17818K, committed 18048K, reserved 1064960K
  class space    used 2071K, capacity 2145K, committed 2176K, reserved 1048576K
}

