<?xml version="1.0" encoding="UTF-8"?>
<!-- Generated by org.testng.reporters.JUnitXMLReporter -->
<testsuite ignored="0" hostname="LIN-5CG1154CK1" failures="0" tests="5" name="Default test" time="11.3" errors="0" timestamp="2024-09-10T14:57:03 IST">
  <testcase classname="TestRunner.PetTest" name="testAPost" time="4.825"/>
  <testcase classname="TestRunner.PetTest" name="testBPost" time="2.747"/>
  <testcase classname="TestRunner.PetTest" name="testCGet" time="1.255"/>
  <testcase classname="TestRunner.PetTest" name="testDGet" time="1.192"/>
  <testcase classname="TestRunner.PetTest" name="testEDelete" time="1.148"/>
</testsuite> <!-- Default test -->
